<testsuite name="Mocha Tests" tests="1" failures="0" errors="0" skipped="0" timestamp="2016-08-24T04:27:30" time="0.005">
<testcase classname="biotea-vis-annotation module" name="should return a hello" time="0"/>
</testsuite>
