<testsuite name="Mocha Tests" tests="1" failures="0" errors="0" skipped="0" timestamp="2016-08-04T06:13:15" time="0.003">
<testcase classname="biotea-vis-annotation module" name="should return a hello" time="0"/>
</testsuite>
